This file contains any messages produced by compilers while
running configure, to aid debugging if configure makes a mistake.

It was created by libipfix configure 0.8.2 , which was
generated by GNU Autoconf 2.65.  Invocation command line was

  $ ./configure 

## --------- ##
## Platform. ##
## --------- ##

hostname = ShieldWolf
uname -m = x86_64
uname -r = 4.13.0-45-generic
uname -s = Linux
uname -v = #50~16.04.1-Ubuntu SMP Wed May 30 11:18:27 UTC 2018

/usr/bin/uname -p = unknown
/bin/uname -X     = unknown

/bin/arch              = unknown
/usr/bin/arch -k       = unknown
/usr/convex/getsysinfo = unknown
/usr/bin/hostinfo      = unknown
/bin/machine           = unknown
/usr/bin/oslevel       = unknown
/bin/universe          = unknown

PATH: /usr/local/sbin
PATH: /usr/local/bin
PATH: /usr/sbin
PATH: /usr/bin
PATH: /sbin
PATH: /bin
PATH: /usr/games
PATH: /usr/local/games


## ----------- ##
## Core tests. ##
## ----------- ##

configure:2188: checking build system type
configure:2202: result: x86_64-unknown-linux-gnu
configure:2222: checking host system type
configure:2235: result: x86_64-unknown-linux-gnu
configure:2255: checking target system type
configure:2268: result: x86_64-unknown-linux-gnu
configure:2344: checking for gcc
configure:2360: found /usr/bin/gcc
configure:2371: result: gcc
configure:2600: checking for C compiler version
configure:2609: gcc --version >&5
gcc (Ubuntu 5.4.0-6ubuntu1~16.04.9) 5.4.0 20160609
Copyright (C) 2015 Free Software Foundation, Inc.
This is free software; see the source for copying conditions.  There is NO
warranty; not even for MERCHANTABILITY or FITNESS FOR A PARTICULAR PURPOSE.

configure:2620: $? = 0
configure:2609: gcc -v >&5
Using built-in specs.
COLLECT_GCC=gcc
COLLECT_LTO_WRAPPER=/usr/lib/gcc/x86_64-linux-gnu/5/lto-wrapper
Target: x86_64-linux-gnu
Configured with: ../src/configure -v --with-pkgversion='Ubuntu 5.4.0-6ubuntu1~16.04.9' --with-bugurl=file:///usr/share/doc/gcc-5/README.Bugs --enable-languages=c,ada,c++,java,go,d,fortran,objc,obj-c++ --prefix=/usr --program-suffix=-5 --enable-shared --enable-linker-build-id --libexecdir=/usr/lib --without-included-gettext --enable-threads=posix --libdir=/usr/lib --enable-nls --with-sysroot=/ --enable-clocale=gnu --enable-libstdcxx-debug --enable-libstdcxx-time=yes --with-default-libstdcxx-abi=new --enable-gnu-unique-object --disable-vtable-verify --enable-libmpx --enable-plugin --with-system-zlib --disable-browser-plugin --enable-java-awt=gtk --enable-gtk-cairo --with-java-home=/usr/lib/jvm/java-1.5.0-gcj-5-amd64/jre --enable-java-home --with-jvm-root-dir=/usr/lib/jvm/java-1.5.0-gcj-5-amd64 --with-jvm-jar-dir=/usr/lib/jvm-exports/java-1.5.0-gcj-5-amd64 --with-arch-directory=amd64 --with-ecj-jar=/usr/share/java/eclipse-ecj.jar --enable-objc-gc --enable-multiarch --disable-werror --with-arch-32=i686 --with-abi=m64 --with-multilib-list=m32,m64,mx32 --enable-multilib --with-tune=generic --enable-checking=release --build=x86_64-linux-gnu --host=x86_64-linux-gnu --target=x86_64-linux-gnu
Thread model: posix
gcc version 5.4.0 20160609 (Ubuntu 5.4.0-6ubuntu1~16.04.9) 
configure:2620: $? = 0
configure:2609: gcc -V >&5
gcc: error: unrecognized command line option '-V'
gcc: fatal error: no input files
compilation terminated.
configure:2620: $? = 1
configure:2609: gcc -qversion >&5
gcc: error: unrecognized command line option '-qversion'
gcc: fatal error: no input files
compilation terminated.
configure:2620: $? = 1
configure:2640: checking whether the C compiler works
configure:2662: gcc    conftest.c  >&5
configure:2666: $? = 0
configure:2715: result: yes
configure:2718: checking for C compiler default output file name
configure:2720: result: a.out
configure:2726: checking for suffix of executables
configure:2733: gcc -o conftest    conftest.c  >&5
configure:2737: $? = 0
configure:2759: result: 
configure:2781: checking whether we are cross compiling
configure:2789: gcc -o conftest    conftest.c  >&5
configure:2793: $? = 0
configure:2800: ./conftest
configure:2804: $? = 0
configure:2819: result: no
configure:2824: checking for suffix of object files
configure:2846: gcc -c   conftest.c >&5
configure:2850: $? = 0
configure:2871: result: o
configure:2875: checking whether we are using the GNU C compiler
configure:2894: gcc -c   conftest.c >&5
configure:2894: $? = 0
configure:2903: result: yes
configure:2912: checking whether gcc accepts -g
configure:2932: gcc -c -g  conftest.c >&5
configure:2932: $? = 0
configure:2973: result: yes
configure:2990: checking for gcc option to accept ISO C89
configure:3054: gcc  -c -g -O2  conftest.c >&5
configure:3054: $? = 0
configure:3067: result: none needed
configure:3101: checking for a BSD-compatible install
configure:3169: result: /usr/bin/install -c
configure:3182: checking for openssl
configure:3200: found /usr/bin/openssl
configure:3213: result: /usr/bin/openssl
configure:3268: checking enable tls/dtls support
configure:3362: result: no
configure:3498: checking for pcap_open_live in -lpcap
configure:3523: gcc -o conftest -g -O2   conftest.c -lpcap   >&5
configure:3523: $? = 0
configure:3533: result: yes
configure:3551: checking for pcap_breakloop
configure:3551: gcc -o conftest -g -O2   conftest.c -lpcap  >&5
configure:3551: $? = 0
configure:3551: result: yes
configure:3551: checking for pcap_freecode
configure:3551: gcc -o conftest -g -O2   conftest.c -lpcap  >&5
configure:3551: $? = 0
configure:3551: result: yes
configure:3566: checking how to run the C preprocessor
configure:3597: gcc -E  conftest.c
configure:3597: $? = 0
configure:3611: gcc -E  conftest.c
conftest.c:12:28: fatal error: ac_nonexistent.h: No such file or directory
compilation terminated.
configure:3611: $? = 1
configure: failed program was:
| /* confdefs.h */
| #define PACKAGE_NAME "libipfix"
| #define PACKAGE_TARNAME "libipfix"
| #define PACKAGE_VERSION "0.8.2 "
| #define PACKAGE_STRING "libipfix 0.8.2 "
| #define PACKAGE_BUGREPORT ""
| #define PACKAGE_URL ""
| #define HAVE_LIBPCAP 1
| #define HAVE_PCAP_BREAKLOOP 1
| #define HAVE_PCAP_FREECODE 1
| /* end confdefs.h.  */
| #include <ac_nonexistent.h>
configure:3636: result: gcc -E
configure:3656: gcc -E  conftest.c
configure:3656: $? = 0
configure:3670: gcc -E  conftest.c
conftest.c:12:28: fatal error: ac_nonexistent.h: No such file or directory
compilation terminated.
configure:3670: $? = 1
configure: failed program was:
| /* confdefs.h */
| #define PACKAGE_NAME "libipfix"
| #define PACKAGE_TARNAME "libipfix"
| #define PACKAGE_VERSION "0.8.2 "
| #define PACKAGE_STRING "libipfix 0.8.2 "
| #define PACKAGE_BUGREPORT ""
| #define PACKAGE_URL ""
| #define HAVE_LIBPCAP 1
| #define HAVE_PCAP_BREAKLOOP 1
| #define HAVE_PCAP_FREECODE 1
| /* end confdefs.h.  */
| #include <ac_nonexistent.h>
configure:3699: checking for grep that handles long lines and -e
configure:3757: result: /bin/grep
configure:3762: checking for egrep
configure:3824: result: /bin/grep -E
configure:3829: checking for ANSI C header files
configure:3849: gcc -c -g -O2  conftest.c >&5
configure:3849: $? = 0
configure:3922: gcc -o conftest -g -O2   conftest.c -lpcap  >&5
configure:3922: $? = 0
configure:3922: ./conftest
configure:3922: $? = 0
configure:3933: result: yes
configure:3946: checking for sys/types.h
configure:3946: gcc -c -g -O2  conftest.c >&5
configure:3946: $? = 0
configure:3946: result: yes
configure:3946: checking for sys/stat.h
configure:3946: gcc -c -g -O2  conftest.c >&5
configure:3946: $? = 0
configure:3946: result: yes
configure:3946: checking for stdlib.h
configure:3946: gcc -c -g -O2  conftest.c >&5
configure:3946: $? = 0
configure:3946: result: yes
configure:3946: checking for string.h
configure:3946: gcc -c -g -O2  conftest.c >&5
configure:3946: $? = 0
configure:3946: result: yes
configure:3946: checking for memory.h
configure:3946: gcc -c -g -O2  conftest.c >&5
configure:3946: $? = 0
configure:3946: result: yes
configure:3946: checking for strings.h
configure:3946: gcc -c -g -O2  conftest.c >&5
configure:3946: $? = 0
configure:3946: result: yes
configure:3946: checking for inttypes.h
configure:3946: gcc -c -g -O2  conftest.c >&5
configure:3946: $? = 0
configure:3946: result: yes
configure:3946: checking for stdint.h
configure:3946: gcc -c -g -O2  conftest.c >&5
configure:3946: $? = 0
configure:3946: result: yes
configure:3946: checking for unistd.h
configure:3946: gcc -c -g -O2  conftest.c >&5
configure:3946: $? = 0
configure:3946: result: yes
configure:3961: checking pcap.h usability
configure:3961: gcc -c -g -O2  conftest.c >&5
configure:3961: $? = 0
configure:3961: result: yes
configure:3961: checking pcap.h presence
configure:3961: gcc -E  conftest.c
configure:3961: $? = 0
configure:3961: result: yes
configure:3961: checking for pcap.h
configure:3961: result: yes
configure:3980: checking for ANSI C header files
configure:4084: result: yes
configure:4095: checking arpa/inet.h usability
configure:4095: gcc -c -g -O2  conftest.c >&5
configure:4095: $? = 0
configure:4095: result: yes
configure:4095: checking arpa/inet.h presence
configure:4095: gcc -E  conftest.c
configure:4095: $? = 0
configure:4095: result: yes
configure:4095: checking for arpa/inet.h
configure:4095: result: yes
configure:4095: checking fcntl.h usability
configure:4095: gcc -c -g -O2  conftest.c >&5
configure:4095: $? = 0
configure:4095: result: yes
configure:4095: checking fcntl.h presence
configure:4095: gcc -E  conftest.c
configure:4095: $? = 0
configure:4095: result: yes
configure:4095: checking for fcntl.h
configure:4095: result: yes
configure:4095: checking for inttypes.h
configure:4095: result: yes
configure:4095: checking limits.h usability
configure:4095: gcc -c -g -O2  conftest.c >&5
configure:4095: $? = 0
configure:4095: result: yes
configure:4095: checking limits.h presence
configure:4095: gcc -E  conftest.c
configure:4095: $? = 0
configure:4095: result: yes
configure:4095: checking for limits.h
configure:4095: result: yes
configure:4095: checking netdb.h usability
configure:4095: gcc -c -g -O2  conftest.c >&5
configure:4095: $? = 0
configure:4095: result: yes
configure:4095: checking netdb.h presence
configure:4095: gcc -E  conftest.c
configure:4095: $? = 0
configure:4095: result: yes
configure:4095: checking for netdb.h
configure:4095: result: yes
configure:4095: checking netinet/in.h usability
configure:4095: gcc -c -g -O2  conftest.c >&5
configure:4095: $? = 0
configure:4095: result: yes
configure:4095: checking netinet/in.h presence
configure:4095: gcc -E  conftest.c
configure:4095: $? = 0
configure:4095: result: yes
configure:4095: checking for netinet/in.h
configure:4095: result: yes
configure:4095: checking for stdlib.h
configure:4095: result: yes
configure:4095: checking for string.h
configure:4095: result: yes
configure:4095: checking sys/socket.h usability
configure:4095: gcc -c -g -O2  conftest.c >&5
configure:4095: $? = 0
configure:4095: result: yes
configure:4095: checking sys/socket.h presence
configure:4095: gcc -E  conftest.c
configure:4095: $? = 0
configure:4095: result: yes
configure:4095: checking for sys/socket.h
configure:4095: result: yes
configure:4095: checking sys/time.h usability
configure:4095: gcc -c -g -O2  conftest.c >&5
configure:4095: $? = 0
configure:4095: result: yes
configure:4095: checking sys/time.h presence
configure:4095: gcc -E  conftest.c
configure:4095: $? = 0
configure:4095: result: yes
configure:4095: checking for sys/time.h
configure:4095: result: yes
configure:4095: checking for unistd.h
configure:4095: result: yes
configure:4095: checking getopt.h usability
configure:4095: gcc -c -g -O2  conftest.c >&5
configure:4095: $? = 0
configure:4095: result: yes
configure:4095: checking getopt.h presence
configure:4095: gcc -E  conftest.c
configure:4095: $? = 0
configure:4095: result: yes
configure:4095: checking for getopt.h
configure:4095: result: yes
configure:4095: checking libgen.h usability
configure:4095: gcc -c -g -O2  conftest.c >&5
configure:4095: $? = 0
configure:4095: result: yes
configure:4095: checking libgen.h presence
configure:4095: gcc -E  conftest.c
configure:4095: $? = 0
configure:4095: result: yes
configure:4095: checking for libgen.h
configure:4095: result: yes
configure:4108: checking for an ANSI C-conforming const
configure:4173: gcc -c -g -O2  conftest.c >&5
configure:4173: $? = 0
configure:4180: result: yes
configure:4188: checking for size_t
configure:4188: gcc -c -g -O2  conftest.c >&5
configure:4188: $? = 0
configure:4188: gcc -c -g -O2  conftest.c >&5
conftest.c: In function 'main':
conftest.c:73:21: error: expected expression before ')' token
 if (sizeof ((size_t)))
                     ^
configure:4188: $? = 1
configure: failed program was:
| /* confdefs.h */
| #define PACKAGE_NAME "libipfix"
| #define PACKAGE_TARNAME "libipfix"
| #define PACKAGE_VERSION "0.8.2 "
| #define PACKAGE_STRING "libipfix 0.8.2 "
| #define PACKAGE_BUGREPORT ""
| #define PACKAGE_URL ""
| #define HAVE_LIBPCAP 1
| #define HAVE_PCAP_BREAKLOOP 1
| #define HAVE_PCAP_FREECODE 1
| #define STDC_HEADERS 1
| #define HAVE_SYS_TYPES_H 1
| #define HAVE_SYS_STAT_H 1
| #define HAVE_STDLIB_H 1
| #define HAVE_STRING_H 1
| #define HAVE_MEMORY_H 1
| #define HAVE_STRINGS_H 1
| #define HAVE_INTTYPES_H 1
| #define HAVE_STDINT_H 1
| #define HAVE_UNISTD_H 1
| #define HAVE_PCAP_H 1
| #define STDC_HEADERS 1
| #define HAVE_ARPA_INET_H 1
| #define HAVE_FCNTL_H 1
| #define HAVE_INTTYPES_H 1
| #define HAVE_LIMITS_H 1
| #define HAVE_NETDB_H 1
| #define HAVE_NETINET_IN_H 1
| #define HAVE_STDLIB_H 1
| #define HAVE_STRING_H 1
| #define HAVE_SYS_SOCKET_H 1
| #define HAVE_SYS_TIME_H 1
| #define HAVE_UNISTD_H 1
| #define HAVE_GETOPT_H 1
| #define HAVE_LIBGEN_H 1
| /* end confdefs.h.  */
| #include <stdio.h>
| #ifdef HAVE_SYS_TYPES_H
| # include <sys/types.h>
| #endif
| #ifdef HAVE_SYS_STAT_H
| # include <sys/stat.h>
| #endif
| #ifdef STDC_HEADERS
| # include <stdlib.h>
| # include <stddef.h>
| #else
| # ifdef HAVE_STDLIB_H
| #  include <stdlib.h>
| # endif
| #endif
| #ifdef HAVE_STRING_H
| # if !defined STDC_HEADERS && defined HAVE_MEMORY_H
| #  include <memory.h>
| # endif
| # include <string.h>
| #endif
| #ifdef HAVE_STRINGS_H
| # include <strings.h>
| #endif
| #ifdef HAVE_INTTYPES_H
| # include <inttypes.h>
| #endif
| #ifdef HAVE_STDINT_H
| # include <stdint.h>
| #endif
| #ifdef HAVE_UNISTD_H
| # include <unistd.h>
| #endif
| int
| main ()
| {
| if (sizeof ((size_t)))
| 	    return 0;
|   ;
|   return 0;
| }
configure:4188: result: yes
configure:4199: checking whether time.h and sys/time.h may both be included
configure:4219: gcc -c -g -O2  conftest.c >&5
configure:4219: $? = 0
configure:4226: result: yes
configure:4234: checking for working volatile
configure:4253: gcc -c -g -O2  conftest.c >&5
configure:4253: $? = 0
configure:4260: result: yes
configure:4273: checking sys/select.h usability
configure:4273: gcc -c -g -O2  conftest.c >&5
configure:4273: $? = 0
configure:4273: result: yes
configure:4273: checking sys/select.h presence
configure:4273: gcc -E  conftest.c
configure:4273: $? = 0
configure:4273: result: yes
configure:4273: checking for sys/select.h
configure:4273: result: yes
configure:4273: checking for sys/socket.h
configure:4273: result: yes
configure:4284: checking types of arguments for select
configure:4312: gcc -c -g -O2  conftest.c >&5
configure:4312: $? = 0
configure:4323: result: int,fd_set *,struct timeval *
configure:4346: checking return type of signal handlers
configure:4364: gcc -c -g -O2  conftest.c >&5
conftest.c: In function 'main':
conftest.c:49:9: error: void value not ignored as it ought to be
 return *(signal (0, 0)) (0) == 1;
         ^
configure:4364: $? = 1
configure: failed program was:
| /* confdefs.h */
| #define PACKAGE_NAME "libipfix"
| #define PACKAGE_TARNAME "libipfix"
| #define PACKAGE_VERSION "0.8.2 "
| #define PACKAGE_STRING "libipfix 0.8.2 "
| #define PACKAGE_BUGREPORT ""
| #define PACKAGE_URL ""
| #define HAVE_LIBPCAP 1
| #define HAVE_PCAP_BREAKLOOP 1
| #define HAVE_PCAP_FREECODE 1
| #define STDC_HEADERS 1
| #define HAVE_SYS_TYPES_H 1
| #define HAVE_SYS_STAT_H 1
| #define HAVE_STDLIB_H 1
| #define HAVE_STRING_H 1
| #define HAVE_MEMORY_H 1
| #define HAVE_STRINGS_H 1
| #define HAVE_INTTYPES_H 1
| #define HAVE_STDINT_H 1
| #define HAVE_UNISTD_H 1
| #define HAVE_PCAP_H 1
| #define STDC_HEADERS 1
| #define HAVE_ARPA_INET_H 1
| #define HAVE_FCNTL_H 1
| #define HAVE_INTTYPES_H 1
| #define HAVE_LIMITS_H 1
| #define HAVE_NETDB_H 1
| #define HAVE_NETINET_IN_H 1
| #define HAVE_STDLIB_H 1
| #define HAVE_STRING_H 1
| #define HAVE_SYS_SOCKET_H 1
| #define HAVE_SYS_TIME_H 1
| #define HAVE_UNISTD_H 1
| #define HAVE_GETOPT_H 1
| #define HAVE_LIBGEN_H 1
| #define TIME_WITH_SYS_TIME 1
| #define HAVE_SYS_SELECT_H 1
| #define HAVE_SYS_SOCKET_H 1
| #define SELECT_TYPE_ARG1 int
| #define SELECT_TYPE_ARG234 (fd_set *)
| #define SELECT_TYPE_ARG5 (struct timeval *)
| /* end confdefs.h.  */
| #include <sys/types.h>
| #include <signal.h>
| 
| int
| main ()
| {
| return *(signal (0, 0)) (0) == 1;
|   ;
|   return 0;
| }
configure:4371: result: void
configure:4381: checking for strftime
configure:4381: gcc -o conftest -g -O2   conftest.c  >&5
conftest.c:67:6: warning: conflicting types for built-in function 'strftime'
 char strftime ();
      ^
configure:4381: $? = 0
configure:4381: result: yes
configure:4436: checking for vprintf
configure:4436: gcc -o conftest -g -O2   conftest.c  >&5
conftest.c:68:6: warning: conflicting types for built-in function 'vprintf'
 char vprintf ();
      ^
configure:4436: $? = 0
configure:4436: result: yes
configure:4442: checking for _doprnt
configure:4442: gcc -o conftest -g -O2   conftest.c  >&5
/tmp/ccOkZzDP.o: In function `main':
/home/caldejon/Development/counterflow.ai/libipfix/conftest.c:80: undefined reference to `_doprnt'
collect2: error: ld returned 1 exit status
configure:4442: $? = 1
configure: failed program was:
| /* confdefs.h */
| #define PACKAGE_NAME "libipfix"
| #define PACKAGE_TARNAME "libipfix"
| #define PACKAGE_VERSION "0.8.2 "
| #define PACKAGE_STRING "libipfix 0.8.2 "
| #define PACKAGE_BUGREPORT ""
| #define PACKAGE_URL ""
| #define HAVE_LIBPCAP 1
| #define HAVE_PCAP_BREAKLOOP 1
| #define HAVE_PCAP_FREECODE 1
| #define STDC_HEADERS 1
| #define HAVE_SYS_TYPES_H 1
| #define HAVE_SYS_STAT_H 1
| #define HAVE_STDLIB_H 1
| #define HAVE_STRING_H 1
| #define HAVE_MEMORY_H 1
| #define HAVE_STRINGS_H 1
| #define HAVE_INTTYPES_H 1
| #define HAVE_STDINT_H 1
| #define HAVE_UNISTD_H 1
| #define HAVE_PCAP_H 1
| #define STDC_HEADERS 1
| #define HAVE_ARPA_INET_H 1
| #define HAVE_FCNTL_H 1
| #define HAVE_INTTYPES_H 1
| #define HAVE_LIMITS_H 1
| #define HAVE_NETDB_H 1
| #define HAVE_NETINET_IN_H 1
| #define HAVE_STDLIB_H 1
| #define HAVE_STRING_H 1
| #define HAVE_SYS_SOCKET_H 1
| #define HAVE_SYS_TIME_H 1
| #define HAVE_UNISTD_H 1
| #define HAVE_GETOPT_H 1
| #define HAVE_LIBGEN_H 1
| #define TIME_WITH_SYS_TIME 1
| #define HAVE_SYS_SELECT_H 1
| #define HAVE_SYS_SOCKET_H 1
| #define SELECT_TYPE_ARG1 int
| #define SELECT_TYPE_ARG234 (fd_set *)
| #define SELECT_TYPE_ARG5 (struct timeval *)
| #define RETSIGTYPE void
| #define HAVE_STRFTIME 1
| #define HAVE_VPRINTF 1
| /* end confdefs.h.  */
| /* Define _doprnt to an innocuous variant, in case <limits.h> declares _doprnt.
|    For example, HP-UX 11i <limits.h> declares gettimeofday.  */
| #define _doprnt innocuous__doprnt
| 
| /* System header to define __stub macros and hopefully few prototypes,
|     which can conflict with char _doprnt (); below.
|     Prefer <limits.h> to <assert.h> if __STDC__ is defined, since
|     <limits.h> exists even on freestanding compilers.  */
| 
| #ifdef __STDC__
| # include <limits.h>
| #else
| # include <assert.h>
| #endif
| 
| #undef _doprnt
| 
| /* Override any GCC internal prototype to avoid an error.
|    Use char because int might match the return type of a GCC
|    builtin and then its argument prototype would still apply.  */
| #ifdef __cplusplus
| extern "C"
| #endif
| char _doprnt ();
| /* The GNU C library defines this for functions which it implements
|     to always fail with ENOSYS.  Some functions are actually named
|     something starting with __ and the normal name is an alias.  */
| #if defined __stub__doprnt || defined __stub____doprnt
| choke me
| #endif
| 
| int
| main ()
| {
| return _doprnt ();
|   ;
|   return 0;
| }
configure:4442: result: no
configure:4456: checking for gettimeofday
configure:4456: gcc -o conftest -g -O2   conftest.c  >&5
configure:4456: $? = 0
configure:4456: result: yes
configure:4456: checking for basename
configure:4456: gcc -o conftest -g -O2   conftest.c  >&5
configure:4456: $? = 0
configure:4456: result: yes
configure:4456: checking for inet_ntoa
configure:4456: gcc -o conftest -g -O2   conftest.c  >&5
configure:4456: $? = 0
configure:4456: result: yes
configure:4456: checking for memmove
configure:4456: gcc -o conftest -g -O2   conftest.c  >&5
conftest.c:72:6: warning: conflicting types for built-in function 'memmove'
 char memmove ();
      ^
configure:4456: $? = 0
configure:4456: result: yes
configure:4456: checking for memset
configure:4456: gcc -o conftest -g -O2   conftest.c  >&5
conftest.c:73:6: warning: conflicting types for built-in function 'memset'
 char memset ();
      ^
configure:4456: $? = 0
configure:4456: result: yes
configure:4456: checking for mkdir
configure:4456: gcc -o conftest -g -O2   conftest.c  >&5
configure:4456: $? = 0
configure:4456: result: yes
configure:4456: checking for select
configure:4456: gcc -o conftest -g -O2   conftest.c  >&5
configure:4456: $? = 0
configure:4456: result: yes
configure:4456: checking for strdup
configure:4456: gcc -o conftest -g -O2   conftest.c  >&5
conftest.c:76:6: warning: conflicting types for built-in function 'strdup'
 char strdup ();
      ^
configure:4456: $? = 0
configure:4456: result: yes
configure:4456: checking for strerror
configure:4456: gcc -o conftest -g -O2   conftest.c  >&5
configure:4456: $? = 0
configure:4456: result: yes
configure:4468: checking for gethostbyname
configure:4468: gcc -o conftest -g -O2   conftest.c  >&5
configure:4468: $? = 0
configure:4468: result: yes
configure:4571: checking for setsockopt
configure:4571: gcc -o conftest -g -O2   conftest.c  >&5
configure:4571: $? = 0
configure:4571: result: yes
configure:4628: checking for hstrerror
configure:4628: gcc -o conftest -g -O2   conftest.c  >&5
configure:4628: $? = 0
configure:4628: result: yes
configure:4731: checking for getopt_long
configure:4731: gcc -o conftest -g -O2   conftest.c  >&5
configure:4731: $? = 0
configure:4731: result: yes
configure:4888: creating ./config.status

## ---------------------- ##
## Running config.status. ##
## ---------------------- ##

This file was extended by libipfix config.status 0.8.2 , which was
generated by GNU Autoconf 2.65.  Invocation command line was

  CONFIG_FILES    = 
  CONFIG_HEADERS  = 
  CONFIG_LINKS    = 
  CONFIG_COMMANDS = 
  $ ./config.status 

on ShieldWolf

config.status:869: creating Makefile
config.status:869: creating lib/Makefile
config.status:869: creating libmisc/Makefile
config.status:869: creating probe/Makefile
config.status:869: creating examples/Makefile
config.status:869: creating collector/Makefile
config.status:869: creating config.h

## ---------------- ##
## Cache variables. ##
## ---------------- ##

ac_cv_build=x86_64-unknown-linux-gnu
ac_cv_c_compiler_gnu=yes
ac_cv_c_const=yes
ac_cv_c_volatile=yes
ac_cv_env_CC_set=
ac_cv_env_CC_value=
ac_cv_env_CFLAGS_set=
ac_cv_env_CFLAGS_value=
ac_cv_env_CPPFLAGS_set=
ac_cv_env_CPPFLAGS_value=
ac_cv_env_CPP_set=
ac_cv_env_CPP_value=
ac_cv_env_LDFLAGS_set=
ac_cv_env_LDFLAGS_value=
ac_cv_env_LIBS_set=
ac_cv_env_LIBS_value=
ac_cv_env_build_alias_set=
ac_cv_env_build_alias_value=
ac_cv_env_host_alias_set=
ac_cv_env_host_alias_value=
ac_cv_env_target_alias_set=
ac_cv_env_target_alias_value=
ac_cv_func__doprnt=no
ac_cv_func_basename=yes
ac_cv_func_gethostbyname=yes
ac_cv_func_getopt_long=yes
ac_cv_func_gettimeofday=yes
ac_cv_func_hstrerror=yes
ac_cv_func_inet_ntoa=yes
ac_cv_func_memmove=yes
ac_cv_func_memset=yes
ac_cv_func_mkdir=yes
ac_cv_func_pcap_breakloop=yes
ac_cv_func_pcap_freecode=yes
ac_cv_func_select=yes
ac_cv_func_select_args='int,fd_set *,struct timeval *'
ac_cv_func_setsockopt=yes
ac_cv_func_strdup=yes
ac_cv_func_strerror=yes
ac_cv_func_strftime=yes
ac_cv_func_vprintf=yes
ac_cv_header_arpa_inet_h=yes
ac_cv_header_fcntl_h=yes
ac_cv_header_getopt_h=yes
ac_cv_header_inttypes_h=yes
ac_cv_header_libgen_h=yes
ac_cv_header_limits_h=yes
ac_cv_header_memory_h=yes
ac_cv_header_netdb_h=yes
ac_cv_header_netinet_in_h=yes
ac_cv_header_pcap_h=yes
ac_cv_header_stdc=yes
ac_cv_header_stdint_h=yes
ac_cv_header_stdlib_h=yes
ac_cv_header_string_h=yes
ac_cv_header_strings_h=yes
ac_cv_header_sys_select_h=yes
ac_cv_header_sys_socket_h=yes
ac_cv_header_sys_stat_h=yes
ac_cv_header_sys_time_h=yes
ac_cv_header_sys_types_h=yes
ac_cv_header_time=yes
ac_cv_header_unistd_h=yes
ac_cv_host=x86_64-unknown-linux-gnu
ac_cv_lib_pcap___pcap_open_live=yes
ac_cv_objext=o
ac_cv_path_EGREP='/bin/grep -E'
ac_cv_path_GREP=/bin/grep
ac_cv_path_OPENSSL=/usr/bin/openssl
ac_cv_path_install='/usr/bin/install -c'
ac_cv_prog_CPP='gcc -E'
ac_cv_prog_ac_ct_CC=gcc
ac_cv_prog_cc_c89=
ac_cv_prog_cc_g=yes
ac_cv_target=x86_64-unknown-linux-gnu
ac_cv_type_signal=void
ac_cv_type_size_t=yes

## ----------------- ##
## Output variables. ##
## ----------------- ##

CC='gcc'
CFLAGS='-g -O2'
CPP='gcc -E'
CPPFLAGS=''
DEFS='-DHAVE_CONFIG_H'
ECHO_C=''
ECHO_N='-n'
ECHO_T=''
EGREP='/bin/grep -E'
EXEEXT=''
GREP='/bin/grep'
INSTALL_DATA='${INSTALL} -m 644'
INSTALL_PROGRAM='${INSTALL}'
INSTALL_SCRIPT='${INSTALL}'
IPFIX_DB_EXAMPLES=''
IPFIX_DB_OBJ=''
IPFIX_SSL_OBJ=''
LDFLAGS=''
LIBOBJS=''
LIBS=''
LTLIBOBJS=''
MYSQLLIBS=''
OBJEXT='o'
OPENSSL='/usr/bin/openssl'
PACKAGE_BUGREPORT=''
PACKAGE_NAME='libipfix'
PACKAGE_STRING='libipfix 0.8.2 '
PACKAGE_TARNAME='libipfix'
PACKAGE_URL=''
PACKAGE_VERSION='0.8.2 '
PATH_SEPARATOR=':'
PCAPLIBS='-lpcap '
SCTPLIBS=''
SHELL='/bin/bash'
SSLLIBS=''
ac_ct_CC='gcc'
bindir='${exec_prefix}/bin'
build='x86_64-unknown-linux-gnu'
build_alias=''
build_cpu='x86_64'
build_os='linux-gnu'
build_vendor='unknown'
datadir='${datarootdir}'
datarootdir='${prefix}/share'
docdir='${datarootdir}/doc/${PACKAGE_TARNAME}'
dvidir='${docdir}'
exec_prefix='${prefix}'
host='x86_64-unknown-linux-gnu'
host_alias=''
host_cpu='x86_64'
host_os='linux-gnu'
host_vendor='unknown'
htmldir='${docdir}'
includedir='${prefix}/include'
infodir='${datarootdir}/info'
libdir='${exec_prefix}/lib'
libexecdir='${exec_prefix}/libexec'
localedir='${datarootdir}/locale'
localstatedir='${prefix}/var'
mandir='${datarootdir}/man'
oldincludedir='/usr/include'
pdfdir='${docdir}'
prefix='/usr/local'
program_transform_name='s,x,x,'
psdir='${docdir}'
sbindir='${exec_prefix}/sbin'
sharedstatedir='${prefix}/com'
sysconfdir='${prefix}/etc'
target='x86_64-unknown-linux-gnu'
target_alias=''
target_cpu='x86_64'
target_os='linux-gnu'
target_vendor='unknown'

## ----------- ##
## confdefs.h. ##
## ----------- ##

/* confdefs.h */
#define PACKAGE_NAME "libipfix"
#define PACKAGE_TARNAME "libipfix"
#define PACKAGE_VERSION "0.8.2 "
#define PACKAGE_STRING "libipfix 0.8.2 "
#define PACKAGE_BUGREPORT ""
#define PACKAGE_URL ""
#define HAVE_LIBPCAP 1
#define HAVE_PCAP_BREAKLOOP 1
#define HAVE_PCAP_FREECODE 1
#define STDC_HEADERS 1
#define HAVE_SYS_TYPES_H 1
#define HAVE_SYS_STAT_H 1
#define HAVE_STDLIB_H 1
#define HAVE_STRING_H 1
#define HAVE_MEMORY_H 1
#define HAVE_STRINGS_H 1
#define HAVE_INTTYPES_H 1
#define HAVE_STDINT_H 1
#define HAVE_UNISTD_H 1
#define HAVE_PCAP_H 1
#define STDC_HEADERS 1
#define HAVE_ARPA_INET_H 1
#define HAVE_FCNTL_H 1
#define HAVE_INTTYPES_H 1
#define HAVE_LIMITS_H 1
#define HAVE_NETDB_H 1
#define HAVE_NETINET_IN_H 1
#define HAVE_STDLIB_H 1
#define HAVE_STRING_H 1
#define HAVE_SYS_SOCKET_H 1
#define HAVE_SYS_TIME_H 1
#define HAVE_UNISTD_H 1
#define HAVE_GETOPT_H 1
#define HAVE_LIBGEN_H 1
#define TIME_WITH_SYS_TIME 1
#define HAVE_SYS_SELECT_H 1
#define HAVE_SYS_SOCKET_H 1
#define SELECT_TYPE_ARG1 int
#define SELECT_TYPE_ARG234 (fd_set *)
#define SELECT_TYPE_ARG5 (struct timeval *)
#define RETSIGTYPE void
#define HAVE_STRFTIME 1
#define HAVE_VPRINTF 1
#define HAVE_GETTIMEOFDAY 1
#define HAVE_BASENAME 1
#define HAVE_INET_NTOA 1
#define HAVE_MEMMOVE 1
#define HAVE_MEMSET 1
#define HAVE_MKDIR 1
#define HAVE_SELECT 1
#define HAVE_STRDUP 1
#define HAVE_STRERROR 1
#define HAVE_GETHOSTBYNAME 1
#define HAVE_SETSOCKOPT 1
#define HAVE_HSTRERROR 1
#define HAVE_GETOPT_LONG 1

configure: exit 0
